<?xml version="1.0" encoding="UTF-8"?>
<!-- Generated by org.testng.reporters.JUnitXMLReporter -->
<testsuite ignored="0" hostname="RSoft-pc" failures="1" tests="1" name="Test" time="67.03" errors="0" timestamp="2023-09-27T17:35:03 IST">
  <testcase classname="testCases.TC_004_SF_ResponseValidation" name="Test_Response_Val" time="61.766">
    <failure type="java.lang.AssertionError" message="The following asserts failed:
	Phone Number Control Answer expected [1234567890] but found [+91 1234567890],
	Appointment Control Answer expected [01:00 PM - 01:29 PM Date : 27/09/2023] but found [Appointment Date : 27/09/2023, Time : [ 01:00 PM to 01:29 PM ]],
	MultiChoice Control Answer expected [Agree,DisAgree] but found [Strongly Agree, Agree, DisAgree],
	Range Control Answer expected [50] but found [Rs51/-],
	FileUpload Control Answer expected [D:\\NewFile.txt] but found [formshow_27092023_122728.txt],
	Link Control Answer expected [Message Us] but found []">
      <![CDATA[java.lang.AssertionError: The following asserts failed:
Phone Number Control Answer expected [1234567890] but found [+91 1234567890],
Appointment Control Answer expected [01:00 PM - 01:29 PM Date : 27/09/2023] but found [Appointment Date : 27/09/2023, Time : [ 01:00 PM to 01:29 PM ]],
MultiChoice Control Answer expected [Agree,DisAgree] but found [Strongly Agree, Agree, DisAgree],
Range Control Answer expected [50] but found [Rs51/-],
FileUpload Control Answer expected [D:\\NewFile.txt] but found [formshow_27092023_122728.txt],
Link Control Answer expected [Message Us] but found []
at testCases.TC_004_SF_ResponseValidation.Test_Response_Val(TC_004_SF_ResponseValidation.java:154)
at java.base/java.util.ArrayList.forEach(ArrayList.java:1511)
... Removed 29 stack frames]]>
    </failure>
  </testcase> <!-- Test_Response_Val -->
</testsuite> <!-- Test -->
